<?xml version="1.0" encoding="UTF-8"?>
<testng-results ignored="0" total="2" passed="2" failed="0" skipped="0">
  <reporter-output>
  </reporter-output>
  <suite started-at="2021-04-28T05:28:25 CDT" name="Default suite" finished-at="2021-04-28T05:29:15 CDT" duration-ms="49670">
    <groups>
    </groups>
    <test started-at="2021-04-28T05:28:25 CDT" name="Default test" finished-at="2021-04-28T05:29:15 CDT" duration-ms="49670">
      <class name="com.rgb.test.LoginTest">
        <test-method signature="loginwithValidCredentials()[pri:0, instance:com.rgb.test.LoginTest@3ad83a66]" started-at="2021-04-28T05:28:25 CDT" name="loginwithValidCredentials" finished-at="2021-04-28T05:28:51 CDT" duration-ms="26047" status="PASS">
          <reporter-output>
          </reporter-output>
        </test-method> <!-- loginwithValidCredentials -->
        <test-method signature="loginwithInvalidCredentials()[pri:1, instance:com.rgb.test.LoginTest@3ad83a66]" started-at="2021-04-28T05:28:51 CDT" name="loginwithInvalidCredentials" finished-at="2021-04-28T05:29:13 CDT" duration-ms="21617" status="PASS">
          <reporter-output>
          </reporter-output>
        </test-method> <!-- loginwithInvalidCredentials -->
        <test-method is-config="true" signature="afterClass()[pri:0, instance:com.rgb.test.LoginTest@3ad83a66]" started-at="2021-04-28T05:29:13 CDT" name="afterClass" finished-at="2021-04-28T05:29:15 CDT" duration-ms="1794" status="PASS">
          <reporter-output>
          </reporter-output>
        </test-method> <!-- afterClass -->
      </class> <!-- com.rgb.test.LoginTest -->
    </test> <!-- Default test -->
  </suite> <!-- Default suite -->
</testng-results>
